<?xml version="1.0" encoding="UTF-8"?>
<!-- Generated by org.testng.reporters.JUnitReportReporter -->
<testsuite hostname="LAPTOP-RFMVE0TE" failures="0" tests="1" name="propack.Abc" time="13.105" errors="0" timestamp="2023-01-16T16:49:27 IST" skipped="0">
  <testcase classname="propack.Abc" name="orangehrm" time="13.105"/>
  <system-out/>
</testsuite> <!-- propack.Abc -->
